<?xml version="1.0" encoding="UTF-8"?>
<!-- Generated by org.testng.reporters.JUnitReportReporter -->
<testsuite hostname="dewesh-VivoBook-ASUSLaptop-X415JAB-X415JA" failures="0" tests="1" name="practice.CreateMultipleOrganizationWithIndustry" time="0.000" errors="0" timestamp="2023-10-09T07:46:49 IST" skipped="1">
  <testcase classname="practice.CreateMultipleOrganizationWithIndustry" name="createMultipleOrg" time="0.000">
    <skipped/>
  </testcase> <!-- createMultipleOrg -->
  <system-out/>
</testsuite> <!-- practice.CreateMultipleOrganizationWithIndustry -->
