<?xml version="1.0" encoding="UTF-8"?>
<!-- Generated by org.testng.reporters.JUnitReportReporter -->
<testsuite hostname="dewesh-VivoBook-ASUSLaptop-X415JAB-X415JA" failures="0" tests="3" name="practice.DataProviderPractice" time="0.033" errors="0" timestamp="2023-10-07T08:31:23 IST" skipped="0">
  <testcase classname="practice.DataProviderPractice" name="addProductToCart" time="0.002"/>
  <system-out/>
  <testcase classname="practice.DataProviderPractice" name="addProductToCart" time="0.002"/>
  <system-out/>
  <testcase classname="practice.DataProviderPractice" name="addProductToCart" time="0.029"/>
  <system-out/>
</testsuite> <!-- practice.DataProviderPractice -->
